Umix (User-Mode Unix) CSE120 Instructional OS v. 4.009 12/03/18-00:33 26865

Running test 8

W1---------E Car 1 enters at 1 at 40 mph
W-1--------E Car 1 moves from 1 to 2
W21--------E Car 2 enters at 1 at 60 mph
W2-1-------E Car 1 moves from 2 to 3
W-21-------E Car 2 moves from 1 to 2
W-2-1------E Car 1 moves from 3 to 4
W--21------E Car 2 moves from 2 to 3
W--2-1-----E Car 1 moves from 4 to 5
W---21-----E Car 2 moves from 3 to 4
W---2-1----E Car 1 moves from 5 to 6
W----21----E Car 2 moves from 4 to 5
W----2-1---E Car 1 moves from 6 to 7
W-----21---E Car 2 moves from 5 to 6
W-----2-1--E Car 1 moves from 7 to 8
W------21--E Car 2 moves from 6 to 7
W------2-1-E Car 1 moves from 8 to 9
W-------21-E Car 2 moves from 7 to 8
W-------2-1E Car 1 moves from 9 to 10
W--------21E Car 2 moves from 8 to 9
W--------2-E Car 1 exits road
 W---------2E Car 2 moves from 9 to 10
W----------E Car 2 exits road
 W---------7E Car 7 enters at 10 at 50 mph
W--------7-E Car 7 moves from 10 to 9
W-------7--E Car 7 moves from 9 to 8
W------7---E Car 7 moves from 8 to 7
W-----7----E Car 7 moves from 7 to 6
W----7-----E Car 7 moves from 6 to 5
W---7------E Car 7 moves from 5 to 4
W--7-------E Car 7 moves from 4 to 3
W-7--------E Car 7 moves from 3 to 2
W7---------E Car 7 moves from 2 to 1
W----------E Car 7 exits road
 W3---------E Car 3 enters at 1 at 50 mph
W-3--------E Car 3 moves from 1 to 2
W43--------E Car 4 enters at 1 at 50 mph
W4-3-------E Car 3 moves from 2 to 3
W-43-------E Car 4 moves from 1 to 2
W543-------E Car 5 enters at 1 at 60 mph
W54-3------E Car 3 moves from 3 to 4
W5-43------E Car 4 moves from 2 to 3
W-543------E Car 5 moves from 1 to 2
W6543------E Car 6 enters at 1 at 50 mph
W654-3-----E Car 3 moves from 4 to 5
W65-43-----E Car 4 moves from 3 to 4
W6-543-----E Car 5 moves from 2 to 3
W-6543-----E Car 6 moves from 1 to 2
W-654-3----E Car 3 moves from 5 to 6
W-65-43----E Car 4 moves from 4 to 5
W-6-543----E Car 5 moves from 3 to 4
W--6543----E Car 6 moves from 2 to 3
W--654-3---E Car 3 moves from 6 to 7
W--65-43---E Car 4 moves from 5 to 6
W--6-543---E Car 5 moves from 4 to 5
W---6543---E Car 6 moves from 3 to 4
W---654-3--E Car 3 moves from 7 to 8
W---65-43--E Car 4 moves from 6 to 7
W---6-543--E Car 5 moves from 5 to 6
W----6543--E Car 6 moves from 4 to 5
W----654-3-E Car 3 moves from 8 to 9
W----65-43-E Car 4 moves from 7 to 8
W----6-543-E Car 5 moves from 6 to 7
W-----6543-E Car 6 moves from 5 to 6
W-----654-3E Car 3 moves from 9 to 10
W-----65-43E Car 4 moves from 8 to 9
W-----6-543E Car 5 moves from 7 to 8
W------6543E Car 6 moves from 6 to 7
W------654-E Car 3 exits road
 W------65-4E Car 4 moves from 9 to 10
W------6-54E Car 5 moves from 8 to 9
W-------654E Car 6 moves from 7 to 8
W-------65-E Car 4 exits road
 W-------6-5E Car 5 moves from 9 to 10
W--------65E Car 6 moves from 8 to 9
W--------6-E Car 5 exits road
 W---------6E Car 6 moves from 9 to 10
W----------E Car 6 exits road
 Road Trace: >>||<|>>>>||||

System exiting (normal)
